<?xml version="1.0" encoding="UTF-8"?>
<testng-results ignored="0" total="1" passed="1" failed="0" skipped="0">
  <reporter-output>
  </reporter-output>
  <suite started-at="2024-07-31T20:45:09 EDT" name="Default suite" finished-at="2024-07-31T20:45:09 EDT" duration-ms="62">
    <groups>
    </groups>
    <test started-at="2024-07-31T20:45:09 EDT" name="Default test" finished-at="2024-07-31T20:45:09 EDT" duration-ms="62">
      <class name="testNgFramework.Annotations1">
        <test-method is-config="true" signature="beforeTest()[pri:0, instance:testNgFramework.Annotations1@38c6f217]" started-at="2024-07-31T20:45:09 EDT" name="beforeTest" finished-at="2024-07-31T20:45:09 EDT" duration-ms="11" status="PASS">
          <reporter-output>
          </reporter-output>
        </test-method> <!-- beforeTest -->
        <test-method signature="tScenario1()[pri:0, instance:testNgFramework.Annotations1@38c6f217]" started-at="2024-07-31T20:45:09 EDT" name="tScenario1" finished-at="2024-07-31T20:45:09 EDT" duration-ms="7" status="PASS">
          <reporter-output>
          </reporter-output>
        </test-method> <!-- tScenario1 -->
      </class> <!-- testNgFramework.Annotations1 -->
    </test> <!-- Default test -->
  </suite> <!-- Default suite -->
</testng-results>
